<?xml version="1.0" encoding="UTF-8"?>
<testsuite xmlns:xsi="http://www.w3.org/2001/XMLSchema-instance" xsi:noNamespaceSchemaLocation="https://maven.apache.org/surefire/maven-surefire-plugin/xsd/surefire-test-report-3.0.xsd" version="3.0" name="com.ocado.basket.BasketSplitterTest" time="0.043" tests="4" errors="0" skipped="0" failures="0">
  <properties>
    <property name="java.specification.version" value="21"/>
    <property name="sun.jnu.encoding" value="UTF-8"/>
    <property name="java.class.path" value="/Users/gosiapalewicz/Desktop/ocado technology/Malgorzata_Palewicz_Java_Krakow/target/test-classes:/Users/gosiapalewicz/Desktop/ocado technology/Malgorzata_Palewicz_Java_Krakow/target/classes:/Users/gosiapalewicz/.m2/repository/com/google/code/gson/gson/2.9.1/gson-2.9.1.jar:/Users/gosiapalewicz/.m2/repository/junit/junit/4.13.2/junit-4.13.2.jar:/Users/gosiapalewicz/.m2/repository/org/hamcrest/hamcrest-core/1.3/hamcrest-core-1.3.jar:/Users/gosiapalewicz/.m2/repository/org/mockito/mockito-core/3.3.3/mockito-core-3.3.3.jar:/Users/gosiapalewicz/.m2/repository/net/bytebuddy/byte-buddy/1.10.5/byte-buddy-1.10.5.jar:/Users/gosiapalewicz/.m2/repository/net/bytebuddy/byte-buddy-agent/1.10.5/byte-buddy-agent-1.10.5.jar:/Users/gosiapalewicz/.m2/repository/org/objenesis/objenesis/2.6/objenesis-2.6.jar:/Users/gosiapalewicz/.m2/repository/org/junit/jupiter/junit-jupiter/5.10.2/junit-jupiter-5.10.2.jar:/Users/gosiapalewicz/.m2/repository/org/junit/jupiter/junit-jupiter-api/5.10.2/junit-jupiter-api-5.10.2.jar:/Users/gosiapalewicz/.m2/repository/org/opentest4j/opentest4j/1.3.0/opentest4j-1.3.0.jar:/Users/gosiapalewicz/.m2/repository/org/junit/platform/junit-platform-commons/1.10.2/junit-platform-commons-1.10.2.jar:/Users/gosiapalewicz/.m2/repository/org/apiguardian/apiguardian-api/1.1.2/apiguardian-api-1.1.2.jar:/Users/gosiapalewicz/.m2/repository/org/junit/jupiter/junit-jupiter-params/5.10.2/junit-jupiter-params-5.10.2.jar:/Users/gosiapalewicz/.m2/repository/org/junit/jupiter/junit-jupiter-engine/5.10.2/junit-jupiter-engine-5.10.2.jar:/Users/gosiapalewicz/.m2/repository/org/junit/platform/junit-platform-engine/1.10.2/junit-platform-engine-1.10.2.jar:"/>
    <property name="java.vm.vendor" value="Homebrew"/>
    <property name="sun.arch.data.model" value="64"/>
    <property name="java.vendor.url" value="https://github.com/Homebrew/homebrew-core/issues"/>
    <property name="os.name" value="Mac OS X"/>
    <property name="java.vm.specification.version" value="21"/>
    <property name="sun.java.launcher" value="SUN_STANDARD"/>
    <property name="user.country" value="GB"/>
    <property name="sun.boot.library.path" value="/opt/homebrew/Cellar/openjdk/21.0.1/libexec/openjdk.jdk/Contents/Home/lib"/>
    <property name="sun.java.command" value="/Users/gosiapalewicz/Desktop/ocado technology/Malgorzata_Palewicz_Java_Krakow/target/surefire/surefirebooter-20240407223549840_3.jar /Users/gosiapalewicz/Desktop/ocado technology/Malgorzata_Palewicz_Java_Krakow/target/surefire 2024-04-07T22-35-48_891-jvmRun1 surefire-20240407223549840_1tmp surefire_0-20240407223549840_2tmp"/>
    <property name="http.nonProxyHosts" value="local|*.local|169.254/16|*.169.254/16"/>
    <property name="jdk.debug" value="release"/>
    <property name="surefire.test.class.path" value="/Users/gosiapalewicz/Desktop/ocado technology/Malgorzata_Palewicz_Java_Krakow/target/test-classes:/Users/gosiapalewicz/Desktop/ocado technology/Malgorzata_Palewicz_Java_Krakow/target/classes:/Users/gosiapalewicz/.m2/repository/com/google/code/gson/gson/2.9.1/gson-2.9.1.jar:/Users/gosiapalewicz/.m2/repository/junit/junit/4.13.2/junit-4.13.2.jar:/Users/gosiapalewicz/.m2/repository/org/hamcrest/hamcrest-core/1.3/hamcrest-core-1.3.jar:/Users/gosiapalewicz/.m2/repository/org/mockito/mockito-core/3.3.3/mockito-core-3.3.3.jar:/Users/gosiapalewicz/.m2/repository/net/bytebuddy/byte-buddy/1.10.5/byte-buddy-1.10.5.jar:/Users/gosiapalewicz/.m2/repository/net/bytebuddy/byte-buddy-agent/1.10.5/byte-buddy-agent-1.10.5.jar:/Users/gosiapalewicz/.m2/repository/org/objenesis/objenesis/2.6/objenesis-2.6.jar:/Users/gosiapalewicz/.m2/repository/org/junit/jupiter/junit-jupiter/5.10.2/junit-jupiter-5.10.2.jar:/Users/gosiapalewicz/.m2/repository/org/junit/jupiter/junit-jupiter-api/5.10.2/junit-jupiter-api-5.10.2.jar:/Users/gosiapalewicz/.m2/repository/org/opentest4j/opentest4j/1.3.0/opentest4j-1.3.0.jar:/Users/gosiapalewicz/.m2/repository/org/junit/platform/junit-platform-commons/1.10.2/junit-platform-commons-1.10.2.jar:/Users/gosiapalewicz/.m2/repository/org/apiguardian/apiguardian-api/1.1.2/apiguardian-api-1.1.2.jar:/Users/gosiapalewicz/.m2/repository/org/junit/jupiter/junit-jupiter-params/5.10.2/junit-jupiter-params-5.10.2.jar:/Users/gosiapalewicz/.m2/repository/org/junit/jupiter/junit-jupiter-engine/5.10.2/junit-jupiter-engine-5.10.2.jar:/Users/gosiapalewicz/.m2/repository/org/junit/platform/junit-platform-engine/1.10.2/junit-platform-engine-1.10.2.jar:"/>
    <property name="sun.cpu.endian" value="little"/>
    <property name="user.home" value="/Users/gosiapalewicz"/>
    <property name="user.language" value="en"/>
    <property name="java.specification.vendor" value="Oracle Corporation"/>
    <property name="java.version.date" value="2023-10-17"/>
    <property name="java.home" value="/opt/homebrew/Cellar/openjdk/21.0.1/libexec/openjdk.jdk/Contents/Home"/>
    <property name="file.separator" value="/"/>
    <property name="basedir" value="/Users/gosiapalewicz/Desktop/ocado technology/Malgorzata_Palewicz_Java_Krakow"/>
    <property name="java.vm.compressedOopsMode" value="Zero based"/>
    <property name="line.separator" value="&#10;"/>
    <property name="java.vm.specification.vendor" value="Oracle Corporation"/>
    <property name="java.specification.name" value="Java Platform API Specification"/>
    <property name="apple.awt.application.name" value="ForkedBooter"/>
    <property name="surefire.real.class.path" value="/Users/gosiapalewicz/Desktop/ocado technology/Malgorzata_Palewicz_Java_Krakow/target/surefire/surefirebooter-20240407223549840_3.jar"/>
    <property name="sun.management.compiler" value="HotSpot 64-Bit Tiered Compilers"/>
    <property name="ftp.nonProxyHosts" value="local|*.local|169.254/16|*.169.254/16"/>
    <property name="java.runtime.version" value="21.0.1"/>
    <property name="user.name" value="gosiapalewicz"/>
    <property name="stdout.encoding" value="UTF-8"/>
    <property name="path.separator" value=":"/>
    <property name="os.version" value="13.5.2"/>
    <property name="java.runtime.name" value="OpenJDK Runtime Environment"/>
    <property name="file.encoding" value="UTF-8"/>
    <property name="java.vm.name" value="OpenJDK 64-Bit Server VM"/>
    <property name="java.vendor.version" value="Homebrew"/>
    <property name="localRepository" value="/Users/gosiapalewicz/.m2/repository"/>
    <property name="java.vendor.url.bug" value="https://github.com/Homebrew/homebrew-core/issues"/>
    <property name="java.io.tmpdir" value="/var/folders/d3/mwf39ppn68gf21c82bzl716c0000gn/T/"/>
    <property name="java.version" value="21.0.1"/>
    <property name="user.dir" value="/Users/gosiapalewicz/Desktop/ocado technology/Malgorzata_Palewicz_Java_Krakow"/>
    <property name="os.arch" value="aarch64"/>
    <property name="java.vm.specification.name" value="Java Virtual Machine Specification"/>
    <property name="native.encoding" value="UTF-8"/>
    <property name="java.library.path" value="/Users/gosiapalewicz/Library/Java/Extensions:/Library/Java/Extensions:/Network/Library/Java/Extensions:/System/Library/Java/Extensions:/usr/lib/java:."/>
    <property name="java.vm.info" value="mixed mode, sharing"/>
    <property name="stderr.encoding" value="UTF-8"/>
    <property name="java.vendor" value="Homebrew"/>
    <property name="java.vm.version" value="21.0.1"/>
    <property name="sun.io.unicode.encoding" value="UnicodeBig"/>
    <property name="socksNonProxyHosts" value="local|*.local|169.254/16|*.169.254/16"/>
    <property name="java.class.version" value="65.0"/>
  </properties>
  <testcase name="testSplitWithTooManyProducts" classname="com.ocado.basket.BasketSplitterTest" time="0.024"/>
  <testcase name="testTooManyDeliveryMethodsInConfigFile" classname="com.ocado.basket.BasketSplitterTest" time="0.001"/>
  <testcase name="testSplitWithValidInput" classname="com.ocado.basket.BasketSplitterTest" time="0.001"/>
  <testcase name="testBasketSplitter" classname="com.ocado.basket.BasketSplitterTest" time="0.008"/>
</testsuite>